This is pdfTeX, Version 3.1415926-2.5-1.40.14 (TeX Live 2013/Debian)
 \write18 enabled.
entering extended mode
(./research.tex
LaTeX2e <2011/06/27>
Babel <3.9h> and hyphenation patterns for 78 languages loaded.
(/usr/share/texmf/tex/latex/beamer/base/beamer.cls
(/usr/share/texmf/tex/latex/beamer/base/beamerbasercs.sty)
Document Class: beamer 2012/10/15 development version 3.24 A class for typesett
ing presentations (rcs-revision 24853e6b98cf)
(/usr/share/texmf/tex/latex/beamer/base/beamerbasemodes.sty
(/usr/share/texmf/tex/latex/beamer/base/beamerbasedecode.sty))
(/usr/share/texlive/texmf-dist/tex/generic/oberdiek/ifpdf.sty)
(/usr/share/texmf/tex/latex/beamer/base/beamerbaseoptions.sty
(/usr/share/texlive/texmf-dist/tex/latex/graphics/keyval.sty))
(/usr/share/texlive/texmf-dist/tex/latex/geometry/geometry.sty
(/usr/share/texlive/texmf-dist/tex/generic/oberdiek/ifvtex.sty)
(/usr/share/texlive/texmf-dist/tex/generic/ifxetex/ifxetex.sty))
(/usr/share/texlive/texmf-dist/tex/latex/base/fleqn.clo)
(/usr/share/texlive/texmf-dist/tex/latex/base/size11.clo)
(/usr/share/texmf/tex/latex/pgf/basiclayer/pgfcore.sty
(/usr/share/texlive/texmf-dist/tex/latex/graphics/graphicx.sty
(/usr/share/texlive/texmf-dist/tex/latex/graphics/graphics.sty
(/usr/share/texlive/texmf-dist/tex/latex/graphics/trig.sty)
(/usr/share/texlive/texmf-dist/tex/latex/latexconfig/graphics.cfg)
(/usr/share/texlive/texmf-dist/tex/latex/pdftex-def/pdftex.def
(/usr/share/texlive/texmf-dist/tex/generic/oberdiek/infwarerr.sty)
(/usr/share/texlive/texmf-dist/tex/generic/oberdiek/ltxcmds.sty))))
(/usr/share/texmf/tex/latex/pgf/systemlayer/pgfsys.sty
(/usr/share/texmf/tex/latex/pgf/utilities/pgfrcs.sty
(/usr/share/texmf/tex/generic/pgf/utilities/pgfutil-common.tex)
(/usr/share/texmf/tex/generic/pgf/utilities/pgfutil-latex.def
(/usr/share/texlive/texmf-dist/tex/latex/ms/everyshi.sty))
(/usr/share/texmf/tex/generic/pgf/utilities/pgfrcs.code.tex))
(/usr/share/texmf/tex/generic/pgf/systemlayer/pgfsys.code.tex
(/usr/share/texmf/tex/generic/pgf/utilities/pgfkeys.code.tex
(/usr/share/texmf/tex/generic/pgf/utilities/pgfkeysfiltered.code.tex))
(/usr/share/texmf/tex/generic/pgf/systemlayer/pgf.cfg)
(/usr/share/texmf/tex/generic/pgf/systemlayer/pgfsys-pdftex.def
(/usr/share/texmf/tex/generic/pgf/systemlayer/pgfsys-common-pdf.def)))
(/usr/share/texmf/tex/generic/pgf/systemlayer/pgfsyssoftpath.code.tex)
(/usr/share/texmf/tex/generic/pgf/systemlayer/pgfsysprotocol.code.tex))
(/usr/share/texmf/tex/latex/xcolor/xcolor.sty
(/usr/share/texlive/texmf-dist/tex/latex/latexconfig/color.cfg)
(/usr/share/texlive/texmf-dist/tex/latex/colortbl/colortbl.sty
(/usr/share/texlive/texmf-dist/tex/latex/tools/array.sty)))
(/usr/share/texmf/tex/generic/pgf/basiclayer/pgfcore.code.tex
(/usr/share/texmf/tex/generic/pgf/math/pgfmath.code.tex
(/usr/share/texmf/tex/generic/pgf/math/pgfmathcalc.code.tex
(/usr/share/texmf/tex/generic/pgf/math/pgfmathutil.code.tex)
(/usr/share/texmf/tex/generic/pgf/math/pgfmathparser.code.tex)
(/usr/share/texmf/tex/generic/pgf/math/pgfmathfunctions.code.tex
(/usr/share/texmf/tex/generic/pgf/math/pgfmathfunctions.basic.code.tex)
(/usr/share/texmf/tex/generic/pgf/math/pgfmathfunctions.trigonometric.code.tex)
(/usr/share/texmf/tex/generic/pgf/math/pgfmathfunctions.random.code.tex)
(/usr/share/texmf/tex/generic/pgf/math/pgfmathfunctions.comparison.code.tex)
(/usr/share/texmf/tex/generic/pgf/math/pgfmathfunctions.base.code.tex)
(/usr/share/texmf/tex/generic/pgf/math/pgfmathfunctions.round.code.tex)
(/usr/share/texmf/tex/generic/pgf/math/pgfmathfunctions.misc.code.tex)))
(/usr/share/texmf/tex/generic/pgf/math/pgfmathfloat.code.tex))
(/usr/share/texmf/tex/generic/pgf/basiclayer/pgfcorepoints.code.tex)
(/usr/share/texmf/tex/generic/pgf/basiclayer/pgfcorepathconstruct.code.tex)
(/usr/share/texmf/tex/generic/pgf/basiclayer/pgfcorepathusage.code.tex)
(/usr/share/texmf/tex/generic/pgf/basiclayer/pgfcorescopes.code.tex)
(/usr/share/texmf/tex/generic/pgf/basiclayer/pgfcoregraphicstate.code.tex)
(/usr/share/texmf/tex/generic/pgf/basiclayer/pgfcoretransformations.code.tex)
(/usr/share/texmf/tex/generic/pgf/basiclayer/pgfcorequick.code.tex)
(/usr/share/texmf/tex/generic/pgf/basiclayer/pgfcoreobjects.code.tex)
(/usr/share/texmf/tex/generic/pgf/basiclayer/pgfcorepathprocessing.code.tex)
(/usr/share/texmf/tex/generic/pgf/basiclayer/pgfcorearrows.code.tex)
(/usr/share/texmf/tex/generic/pgf/basiclayer/pgfcoreshade.code.tex)
(/usr/share/texmf/tex/generic/pgf/basiclayer/pgfcoreimage.code.tex
(/usr/share/texmf/tex/generic/pgf/basiclayer/pgfcoreexternal.code.tex))
(/usr/share/texmf/tex/generic/pgf/basiclayer/pgfcorelayers.code.tex)
(/usr/share/texmf/tex/generic/pgf/basiclayer/pgfcoretransparency.code.tex)
(/usr/share/texmf/tex/generic/pgf/basiclayer/pgfcorepatterns.code.tex)))
(/usr/share/texmf/tex/latex/pgf/utilities/xxcolor.sty)
(/usr/share/texlive/texmf-dist/tex/latex/hyperref/hyperref.sty
(/usr/share/texlive/texmf-dist/tex/generic/oberdiek/hobsub-hyperref.sty
(/usr/share/texlive/texmf-dist/tex/generic/oberdiek/hobsub-generic.sty))
(/usr/share/texlive/texmf-dist/tex/latex/oberdiek/auxhook.sty)
(/usr/share/texlive/texmf-dist/tex/latex/oberdiek/kvoptions.sty)
(/usr/share/texlive/texmf-dist/tex/latex/hyperref/pd1enc.def)
(/usr/share/texlive/texmf-dist/tex/latex/latexconfig/hyperref.cfg)
(/usr/share/texlive/texmf-dist/tex/latex/url/url.sty)

Package hyperref Message: Stopped early.

)

Package hyperref Message: Driver (autodetected): hpdftex.

(/usr/share/texlive/texmf-dist/tex/latex/hyperref/hpdftex.def
(/usr/share/texlive/texmf-dist/tex/latex/oberdiek/rerunfilecheck.sty))
(/usr/share/texmf/tex/latex/beamer/base/beamerbaserequires.sty
(/usr/share/texmf/tex/latex/beamer/base/beamerbasecompatibility.sty)
(/usr/share/texmf/tex/latex/beamer/base/beamerbasefont.sty
(/usr/share/texlive/texmf-dist/tex/latex/amsfonts/amssymb.sty
(/usr/share/texlive/texmf-dist/tex/latex/amsfonts/amsfonts.sty)))
(/usr/share/texmf/tex/latex/beamer/base/beamerbasetranslator.sty
(/usr/share/texmf/tex/latex/beamer/base/translator/translator.sty
(/usr/share/texmf/tex/latex/beamer/base/translator/translator-language-mappings
.tex))) (/usr/share/texmf/tex/latex/beamer/base/beamerbasemisc.sty)
(/usr/share/texmf/tex/latex/beamer/base/beamerbasetwoscreens.sty)
(/usr/share/texmf/tex/latex/beamer/base/beamerbaseoverlay.sty)
(/usr/share/texmf/tex/latex/beamer/base/beamerbasetitle.sty)
(/usr/share/texmf/tex/latex/beamer/base/beamerbasesection.sty)
(/usr/share/texmf/tex/latex/beamer/base/beamerbaseframe.sty)
(/usr/share/texmf/tex/latex/beamer/base/beamerbaseverbatim.sty)
(/usr/share/texmf/tex/latex/beamer/base/beamerbaseframesize.sty)
(/usr/share/texmf/tex/latex/beamer/base/beamerbaseframecomponents.sty)
(/usr/share/texmf/tex/latex/beamer/base/beamerbasecolor.sty)
(/usr/share/texmf/tex/latex/beamer/base/beamerbasenotes.sty)
(/usr/share/texmf/tex/latex/beamer/base/beamerbasetoc.sty)
(/usr/share/texmf/tex/latex/beamer/base/beamerbasetemplates.sty
(/usr/share/texmf/tex/latex/beamer/base/beamerbaseauxtemplates.sty
(/usr/share/texmf/tex/latex/beamer/base/beamerbaseboxes.sty)))
(/usr/share/texmf/tex/latex/beamer/base/beamerbaselocalstructure.sty
(/usr/share/texlive/texmf-dist/tex/latex/tools/enumerate.sty))
(/usr/share/texmf/tex/latex/beamer/base/beamerbasenavigation.sty)
(/usr/share/texmf/tex/latex/beamer/base/beamerbasetheorems.sty
(/usr/share/texlive/texmf-dist/tex/latex/amsmath/amsmath.sty
For additional information on amsmath, use the `?' option.
(/usr/share/texlive/texmf-dist/tex/latex/amsmath/amstext.sty
(/usr/share/texlive/texmf-dist/tex/latex/amsmath/amsgen.sty))
(/usr/share/texlive/texmf-dist/tex/latex/amsmath/amsbsy.sty)
(/usr/share/texlive/texmf-dist/tex/latex/amsmath/amsopn.sty))
(/usr/share/texlive/texmf-dist/tex/latex/amscls/amsthm.sty))
(/usr/share/texmf/tex/latex/beamer/base/beamerbasethemes.sty))
(/usr/share/texmf/tex/latex/beamer/base/themes/theme/beamerthemedefault.sty
(/usr/share/texmf/tex/latex/beamer/base/themes/font/beamerfontthemedefault.sty)

(/usr/share/texmf/tex/latex/beamer/base/themes/color/beamercolorthemedefault.st
y)
(/usr/share/texmf/tex/latex/beamer/base/themes/inner/beamerinnerthemedefault.st
y)
(/usr/share/texmf/tex/latex/beamer/base/themes/outer/beamerouterthemedefault.st
y))) (/usr/share/texmf/tex/latex/beamer/base/themes/theme/beamerthemeMadrid.sty
(/usr/share/texmf/tex/latex/beamer/base/themes/color/beamercolorthemewhale.sty)

(/usr/share/texmf/tex/latex/beamer/base/themes/color/beamercolorthemeorchid.sty
)
(/usr/share/texmf/tex/latex/beamer/base/themes/inner/beamerinnerthemerounded.st
y)
(/usr/share/texmf/tex/latex/beamer/base/themes/outer/beamerouterthemeinfolines.
sty)) (/usr/share/texlive/texmf-dist/tex/latex/graphics/epsfig.sty)
(/usr/share/texlive/texmf-dist/tex/latex/stackengine/stackengine.sty
(/usr/share/texlive/texmf-dist/tex/latex/etoolbox/etoolbox.sty
(/usr/share/texlive/texmf-dist/tex/latex/etex-pkg/etex.sty))
(/usr/share/texlive/texmf-dist/tex/latex/tools/calc.sty))
(/usr/share/texlive/texmf-dist/tex/latex/multirow/multirow.sty)
(/usr/share/texlive/texmf-dist/tex/generic/ulem/ulem.sty)
(/usr/share/texlive/texmf-dist/tex/latex/textpos/textpos.sty
Package: textpos 2014/01/03 1.7j, absolute positioning of text on the page
Grid set 16 x 16 = 22.7622pt x 17.07166pt
) (/usr/share/texlive/texmf-dist/tex/latex/caption/subcaption.sty
(/usr/share/texlive/texmf-dist/tex/latex/caption/caption.sty
(/usr/share/texlive/texmf-dist/tex/latex/caption/caption3.sty)))
(/usr/share/texlive/texmf-dist/tex/latex/pbox/pbox.sty
(/usr/share/texlive/texmf-dist/tex/latex/base/ifthen.sty))
(/usr/share/texmf/tex/latex/pgf/frontendlayer/tikz.sty
(/usr/share/texmf/tex/latex/pgf/basiclayer/pgf.sty
(/usr/share/texmf/tex/generic/pgf/modules/pgfmoduleshapes.code.tex)
(/usr/share/texmf/tex/generic/pgf/modules/pgfmoduleplot.code.tex)
(/usr/share/texmf/tex/latex/pgf/compatibility/pgfcomp-version-0-65.sty)
(/usr/share/texmf/tex/latex/pgf/compatibility/pgfcomp-version-1-18.sty))
(/usr/share/texmf/tex/latex/pgf/utilities/pgffor.sty
(/usr/share/texmf/tex/latex/pgf/utilities/pgfkeys.sty
(/usr/share/texmf/tex/generic/pgf/utilities/pgfkeys.code.tex))
(/usr/share/texmf/tex/generic/pgf/utilities/pgffor.code.tex))
(/usr/share/texmf/tex/generic/pgf/frontendlayer/tikz/tikz.code.tex
(/usr/share/texmf/tex/generic/pgf/libraries/pgflibraryplothandlers.code.tex)
(/usr/share/texmf/tex/generic/pgf/modules/pgfmodulematrix.code.tex)
(/usr/share/texmf/tex/generic/pgf/frontendlayer/tikz/libraries/tikzlibrarytopat
hs.code.tex)))
(/usr/share/texmf/tex/generic/pgf/frontendlayer/tikz/libraries/tikzlibraryshape
s.code.tex
(/usr/share/texmf/tex/generic/pgf/frontendlayer/tikz/libraries/tikzlibraryshape
s.geometric.code.tex
(/usr/share/texmf/tex/generic/pgf/libraries/shapes/pgflibraryshapes.geometric.c
ode.tex))
(/usr/share/texmf/tex/generic/pgf/frontendlayer/tikz/libraries/tikzlibraryshape
s.misc.code.tex
(/usr/share/texmf/tex/generic/pgf/libraries/shapes/pgflibraryshapes.misc.code.t
ex))
(/usr/share/texmf/tex/generic/pgf/frontendlayer/tikz/libraries/tikzlibraryshape
s.symbols.code.tex
(/usr/share/texmf/tex/generic/pgf/libraries/shapes/pgflibraryshapes.symbols.cod
e.tex))
(/usr/share/texmf/tex/generic/pgf/frontendlayer/tikz/libraries/tikzlibraryshape
s.arrows.code.tex
(/usr/share/texmf/tex/generic/pgf/libraries/shapes/pgflibraryshapes.arrows.code
.tex))
(/usr/share/texmf/tex/generic/pgf/frontendlayer/tikz/libraries/tikzlibraryshape
s.callouts.code.tex
(/usr/share/texmf/tex/generic/pgf/libraries/shapes/pgflibraryshapes.callouts.co
de.tex))
(/usr/share/texmf/tex/generic/pgf/frontendlayer/tikz/libraries/tikzlibraryshape
s.multipart.code.tex
(/usr/share/texmf/tex/generic/pgf/libraries/shapes/pgflibraryshapes.multipart.c
ode.tex))) (/usr/share/texlive/texmf-dist/tex/latex/tools/tabularx.sty)
(/usr/share/texlive/texmf-dist/tex/latex/framed/framed.sty)
(/usr/share/texmf/tex/generic/pgf/frontendlayer/tikz/libraries/tikzlibraryarrow
s.code.tex
(/usr/share/texmf/tex/generic/pgf/libraries/pgflibraryarrows.code.tex))
(/usr/share/texlive/texmf-dist/tex/latex/datetime/datetime.sty
(/usr/share/texlive/texmf-dist/tex/latex/fmtcount/fmtcount.sty
(/usr/share/texlive/texmf-dist/tex/latex/fmtcount/fcprefix.sty
(/usr/share/texlive/texmf-dist/tex/latex/fmtcount/fcnumparser.sty))
(/usr/share/texlive/texmf-dist/tex/latex/fmtcount/fc-english.def))
(/usr/share/texlive/texmf-dist/tex/latex/datetime/datetime-defaults.sty))
(/usr/share/texlive/texmf-dist/tex/latex/biblatex/biblatex.sty
(/usr/share/texlive/texmf-dist/tex/latex/biblatex/biblatex1.sty
(/usr/share/texlive/texmf-dist/tex/latex/logreq/logreq.sty
(/usr/share/texlive/texmf-dist/tex/latex/logreq/logreq.def))
(/usr/share/texlive/texmf-dist/tex/latex/biblatex/blx-compat.def)
(/usr/share/texlive/texmf-dist/tex/latex/biblatex/biblatex.def)
(/usr/share/texlive/texmf-dist/tex/latex/biblatex/bbx/numeric.bbx
(/usr/share/texlive/texmf-dist/tex/latex/biblatex/bbx/standard.bbx))
(/usr/share/texlive/texmf-dist/tex/latex/biblatex/cbx/numeric.cbx)
(/usr/share/texlive/texmf-dist/tex/latex/biblatex/biblatex.cfg)))
(/usr/share/texlive/texmf-dist/tex/latex/biblatex/lbx/english.lbx)

Package biblatex Warning: Patching footnotes failed.
(biblatex)                Footnote detection will not work.

(./research.aux)
*geometry* driver: auto-detecting
*geometry* detected driver: pdftex
(/usr/share/texlive/texmf-dist/tex/context/base/supp-pdf.mkii
[Loading MPS to PDF converter (version 2006.09.02).]
) (/usr/share/texlive/texmf-dist/tex/latex/oberdiek/epstopdf-base.sty
(/usr/share/texlive/texmf-dist/tex/latex/oberdiek/grfext.sty)
(/usr/share/texlive/texmf-dist/tex/latex/latexconfig/epstopdf-sys.cfg))
ABD: EveryShipout initializing macros
(/usr/share/texlive/texmf-dist/tex/latex/hyperref/nameref.sty
(/usr/share/texlive/texmf-dist/tex/generic/oberdiek/gettitlestring.sty))
(./research.out) (./research.out)
(/usr/share/texmf/tex/latex/beamer/base/translator/dicts/translator-basic-dicti
onary/translator-basic-dictionary-English.dict)
(/usr/share/texmf/tex/latex/beamer/base/translator/dicts/translator-bibliograph
y-dictionary/translator-bibliography-dictionary-English.dict)
(/usr/share/texmf/tex/latex/beamer/base/translator/dicts/translator-environment
-dictionary/translator-environment-dictionary-English.dict)
(/usr/share/texmf/tex/latex/beamer/base/translator/dicts/translator-months-dict
ionary/translator-months-dictionary-English.dict)
(/usr/share/texmf/tex/latex/beamer/base/translator/dicts/translator-numbers-dic
tionary/translator-numbers-dictionary-English.dict)
(/usr/share/texmf/tex/latex/beamer/base/translator/dicts/translator-theorem-dic
tionary/translator-theorem-dictionary-English.dict) (./research.bbl)
(./research.nav) (/usr/share/texlive/texmf-dist/tex/latex/amsfonts/umsa.fd)
(/usr/share/texlive/texmf-dist/tex/latex/amsfonts/umsb.fd)

Package hyperref Warning: Option `pdfauthor' has already been used,
(hyperref)                setting the option has no effect on input line 177.


LaTeX Font Warning: Font shape `OT1/cmss/m/n' in size <4> not available
(Font)              size <5> substituted on input line 189.

[1{/var/lib/texmf/fonts/map/pdftex/updmap/pdftex.map}] (./intro.tex
<figs/PrefApplications/pref_applications.png, id=67, 1065.9825pt x 666.49pt>
<use figs/PrefApplications/pref_applications.png> [2 <./figs/PrefApplications/p
ref_applications.png>] <figs/Cars/pref.png, id=75, 1261.71375pt x 325.215pt>
<use figs/Cars/pref.png> [3 <./figs/Cars/pref.png>] <use figs/Cars/pref.png>
[4]) (./preliminary.tex [5] [6] [7]
Overfull \vbox (4.30011pt too high) detected at line 196
[8]
Overfull \vbox (8.38803pt too high) detected at line 249
[9] [10]

LaTeX Font Warning: Font shape `OMS/cmss/m/n' undefined
(Font)              using `OMS/cmsy/m/n' instead
(Font)              for symbol `textbraceleft' on input line 287.

[11] [12] <figs/Preliminary/comp_diagram.pdf, id=161, 722.7pt x 542.025pt>
<use figs/Preliminary/comp_diagram.pdf> [13 <./figs/Preliminary/comp_diagram.pd
f>] [14] <figs/Cars/individual.png, id=197, 1259.70625pt x 354.32375pt>
<use figs/Cars/individual.png> [15 <./figs/Cars/individual.png>]
<figs/Cars/group.png, id=205, 478.78876pt x 455.7025pt>
<use figs/Cars/group.png> [16 <./figs/Cars/group.png>]) (./overview.tex
[17] [18] [19]) (./prefModeling.tex [20]
<figs/PTrees/ptrees.png, id=271, 1151.30125pt x 366.36874pt>
<use figs/PTrees/ptrees.png> [21 <./figs/PTrees/ptrees.png>] [22]

LaTeX Font Warning: Font shape `OT1/cmss/m/sc' in size <10.95> not available
(Font)              Font shape `OT1/cmr/m/sc' tried instead on input line 76.

[23] [24] <figs/Cars/uiuptree.png, id=302, 596.2275pt x 521.95pt>
<use figs/Cars/uiuptree.png> [25 <./figs/Cars/uiuptree.png>]
<figs/Cars/uicptree.png, id=311, 947.54pt x 526.96875pt>
<use figs/Cars/uicptree.png> [26 <./figs/Cars/uicptree.png>]
<figs/Cars/ciuptree.png, id=319, 1157.32375pt x 501.875pt>
<use figs/Cars/ciuptree.png> [27 <./figs/Cars/ciuptree.png>]
<figs/Cars/cicptree.png, id=327, 1247.66125pt x 502.87875pt>
<use figs/Cars/cicptree.png> [28 <./figs/Cars/cicptree.png>])
(./prefLearning.tex

LaTeX Font Warning: Font shape `OT1/cmss/m/sc' in size <10> not available
(Font)              Font shape `OT1/cmr/m/sc' tried instead on input line 49.

[29]
<figs/PrefLearnResults/Trees/X_MH/CarEvaluation.png, id=342, 455.45157pt x 255.
95625pt> <use figs/PrefLearnResults/Trees/X_MH/CarEvaluation.png> [30 <./figs/P
refLearnResults/Trees/X_MH/CarEvaluation.png (PNG copy)>]
<figs/PrefLearnResults/Trees/MH/CarEvaluation.png, id=350, 455.45157pt x 255.95
625pt> <use figs/PrefLearnResults/Trees/MH/CarEvaluation.png> [31 <./figs/PrefL
earnResults/Trees/MH/CarEvaluation.png (PNG copy)>] [32]
<figs/PrefLearnResults/Forests/X_MH/CarEvaluation.png, id=366, 455.45157pt x 25
5.95625pt> <use figs/PrefLearnResults/Forests/X_MH/CarEvaluation.png> [33 <./fi
gs/PrefLearnResults/Forests/X_MH/CarEvaluation.png (PNG copy)>]
<figs/PrefLearnResults/Forests/MH/CarEvaluation.png, id=374, 455.45157pt x 255.
95625pt> <use figs/PrefLearnResults/Forests/MH/CarEvaluation.png> [34 <./figs/P
refLearnResults/Forests/MH/CarEvaluation.png (PNG copy)>]) (./prefReasoning.tex
 [35] [36] [37] [38] [39] [40]
<figs/LPTrees/asp_win_struct.png, id=432, 991.705pt x 485.815pt>
<use figs/LPTrees/asp_win_struct.png> [41 <./figs/LPTrees/asp_win_struct.png>]
<figs/LPTrees/sat_win_struct.png, id=440, 983.675pt x 423.5825pt>
<use figs/LPTrees/sat_win_struct.png> [42 <./figs/LPTrees/sat_win_struct.png>]
<figs/LPTrees/simple_LP_tree.png, id=448, 371.88937pt x 429.10312pt>
<use figs/LPTrees/simple_LP_tree.png>
Overfull \vbox (9.54962pt too high) detected at line 208
[43 <./figs/LPTrees/simple_LP_tree.png>]
<figs/LPTrees/win/expAppFISCICP.pdf, id=459, 401.5pt x 315.1775pt>
<use figs/LPTrees/win/expAppFISCICP.pdf>
<figs/LPTrees/win/expAppFVSCICP.pdf, id=460, 396.48125pt x 315.1775pt>
<use figs/LPTrees/win/expAppFVSCICP.pdf> [44 <./figs/LPTrees/win/expAppFISCICP.
pdf> <./figs/LPTrees/win/expAppFVSCICP.pdf>]
<figs/LPTrees/win/2kAppFISCICP.pdf, id=480, 401.5pt x 315.1775pt>
<use figs/LPTrees/win/2kAppFISCICP.pdf>
<figs/LPTrees/win/2kAppFVSCICP.pdf, id=481, 396.48125pt x 315.1775pt>
<use figs/LPTrees/win/2kAppFVSCICP.pdf> [45 <./figs/LPTrees/win/2kAppFISCICP.pd
f> <./figs/LPTrees/win/2kAppFVSCICP.pdf>]
<figs/LPTrees/win/bordaFISCICP.pdf, id=501, 401.5pt x 315.1775pt>
<use figs/LPTrees/win/bordaFISCICP.pdf>
<figs/LPTrees/win/bordaFVSCICP.pdf, id=502, 396.48125pt x 315.1775pt>
<use figs/LPTrees/win/bordaFVSCICP.pdf> [46 <./figs/LPTrees/win/bordaFISCICP.pd
f> <./figs/LPTrees/win/bordaFVSCICP.pdf>] [47]
<figs/PARC/route.png, id=527, 911.405pt x 528.97626pt>
<use figs/PARC/route.png> [48 <./figs/PARC/route.png>]) (./future.tex [49]
[50] [51]) (./conclude.tex [52]) (./research.aux)

LaTeX Font Warning: Size substitutions with differences
(Font)              up to 1.0pt have occurred.


LaTeX Font Warning: Some font shapes were not available, defaults substituted.

 )
(see the transcript file for additional information)pdfTeX warning (dest): name
{cite.0@brandt2012computational} has been referenced but does not exist, replac
ed by a fixed one

pdfTeX warning (dest): name{cite.0@furnkranz2010preference} has been referenced
 but does not exist, replaced by a fixed one

pdfTeX warning (dest): name{cite.0@adomavicius2005toward} has been referenced b
ut does not exist, replaced by a fixed one

pdfTeX warning (dest): name{cite.0@Brewka:ASO} has been referenced but does not
 exist, replaced by a fixed one

pdfTeX warning (dest): name{cite.0@bbdh03} has been referenced but does not exi
st, replaced by a fixed one

pdfTeX warning (dest): name{cite.0@wsh/mpref14/LiuT} has been referenced but do
es not exist, replaced by a fixed one

pdfTeX warning (dest): name{cite.0@fraser1994} has been referenced but does not
 exist, replaced by a fixed one

pdfTeX warning (dest): name{cite.0@conf/aaai15/LiuT} has been referenced but do
es not exist, replaced by a fixed one

pdfTeX warning (dest): name{cite.0@brauning2012learning} has been referenced bu
t does not exist, replaced by a fixed one

pdfTeX warning (dest): name{cite.0@conf/adt13/LiuT} has been referenced but doe
s not exist, replaced by a fixed one

pdfTeX warning (dest): name{cite.0@booth:learningLP} has been referenced but do
es not exist, replaced by a fixed one

pdfTeX warning (dest): name{cite.0@pinkas1991propositional} has been referenced
 but does not exist, replaced by a fixed one

pdfTeX warning (dest): name{cite.0@orlovsky1978decision} has been referenced bu
t does not exist, replaced by a fixed one

pdfTeX warning (dest): name{cite.0@DuboisLP91} has been referenced but does not
 exist, replaced by a fixed one

</usr/share/texlive/texmf-dist/fonts/type1/public/amsfonts/cm/cmcsc10.pfb></usr
/share/texlive/texmf-dist/fonts/type1/public/amsfonts/cm/cmex10.pfb></usr/share
/texlive/texmf-dist/fonts/type1/public/amsfonts/cm/cmmi10.pfb></usr/share/texli
ve/texmf-dist/fonts/type1/public/amsfonts/cm/cmmi12.pfb></usr/share/texlive/tex
mf-dist/fonts/type1/public/amsfonts/cm/cmmi6.pfb></usr/share/texlive/texmf-dist
/fonts/type1/public/amsfonts/cm/cmmi7.pfb></usr/share/texlive/texmf-dist/fonts/
type1/public/amsfonts/cm/cmss10.pfb></usr/share/texlive/texmf-dist/fonts/type1/
public/amsfonts/cm/cmss12.pfb></usr/share/texlive/texmf-dist/fonts/type1/public
/amsfonts/cm/cmss8.pfb></usr/share/texlive/texmf-dist/fonts/type1/public/amsfon
ts/cm/cmssbx10.pfb></usr/share/texlive/texmf-dist/fonts/type1/public/amsfonts/c
m/cmssi10.pfb></usr/share/texlive/texmf-dist/fonts/type1/public/amsfonts/cm/cms
si12.pfb></usr/share/texlive/texmf-dist/fonts/type1/public/amsfonts/cm/cmssi8.p
fb></usr/share/texlive/texmf-dist/fonts/type1/public/amsfonts/cm/cmsy10.pfb></u
sr/share/texlive/texmf-dist/fonts/type1/public/amsfonts/cm/cmsy5.pfb></usr/shar
e/texlive/texmf-dist/fonts/type1/public/amsfonts/cm/cmsy6.pfb></usr/share/texli
ve/texmf-dist/fonts/type1/public/amsfonts/cm/cmsy7.pfb></usr/share/texlive/texm
f-dist/fonts/type1/public/amsfonts/cm/cmsy8.pfb></usr/share/texlive/texmf-dist/
fonts/type1/public/amsfonts/cm/cmtt8.pfb>
Output written on research.pdf (52 pages, 3772177 bytes).
Transcript written on research.log.
